<?xml version="1.0" encoding="UTF-8"?>
<testng-results ignored="0" total="1" passed="1" failed="0" skipped="0">
  <reporter-output>
    <line>
      <![CDATA[Test started]]>
    </line>
    <line>
      <![CDATA[viewAndEditCart => test script execution started]]>
    </line>
    <line>
      <![CDATA[Product name validation successfull.]]>
    </line>
    <line>
      <![CDATA[Product Price-   1,099.00]]>
    </line>
    <line>
      <![CDATA[Original quantity- Subtotal (2 items):]]>
    </line>
    <line>
      <![CDATA[Updated quantity- Subtotal (2 items):]]>
    </line>
    <line>
      <![CDATA[Cart Total -   2,198.00]]>
    </line>
    <line>
      <![CDATA[ SuccessfulviewAndEditCart]]>
    </line>
    <line>
      <![CDATA[Title validation Successful]]>
    </line>
    <line>
      <![CDATA[LogOut Successful]]>
    </line>
  </reporter-output>
  <suite started-at="2023-06-14T15:57:36 IST" name="Suite" finished-at="2023-06-14T15:57:57 IST" duration-ms="20488">
    <groups>
    </groups>
    <test started-at="2023-06-14T15:57:36 IST" name="Test" finished-at="2023-06-14T15:57:57 IST" duration-ms="20488">
      <class name="Kairos.Hunters.TestCases.TestScenario4">
        <test-method is-config="true" signature="openBrowser(java.lang.String)[pri:0, instance:Kairos.Hunters.TestCases.TestScenario4@757d6814]" started-at="2023-06-14T15:57:36 IST" name="openBrowser" finished-at="2023-06-14T15:57:40 IST" duration-ms="3250" status="PASS">
          <params>
            <param index="0">
              <value>
                <![CDATA[edge]]>
              </value>
            </param>
          </params>
          <reporter-output>
          </reporter-output>
        </test-method> <!-- openBrowser -->
        <test-method is-config="true" signature="openAmazon()[pri:0, instance:Kairos.Hunters.TestCases.TestScenario4@757d6814]" started-at="2023-06-14T15:57:40 IST" name="openAmazon" finished-at="2023-06-14T15:57:44 IST" duration-ms="4010" status="PASS">
          <reporter-output>
          </reporter-output>
        </test-method> <!-- openAmazon -->
        <test-method signature="viewAndEditCart()[pri:0, instance:Kairos.Hunters.TestCases.TestScenario4@757d6814]" started-at="2023-06-14T15:57:44 IST" name="viewAndEditCart" finished-at="2023-06-14T15:57:54 IST" duration-ms="10050" status="PASS">
          <reporter-output>
            <line>
              <![CDATA[viewAndEditCart => test script execution started]]>
            </line>
            <line>
              <![CDATA[Product name validation successfull.]]>
            </line>
            <line>
              <![CDATA[Product Price-   1,099.00]]>
            </line>
            <line>
              <![CDATA[Original quantity- Subtotal (2 items):]]>
            </line>
            <line>
              <![CDATA[Updated quantity- Subtotal (2 items):]]>
            </line>
            <line>
              <![CDATA[Cart Total -   2,198.00]]>
            </line>
            <line>
              <![CDATA[ SuccessfulviewAndEditCart]]>
            </line>
          </reporter-output>
        </test-method> <!-- viewAndEditCart -->
        <test-method is-config="true" signature="logOut()[pri:0, instance:Kairos.Hunters.TestCases.TestScenario4@757d6814]" started-at="2023-06-14T15:57:54 IST" name="logOut" finished-at="2023-06-14T15:57:56 IST" duration-ms="2496" status="PASS">
          <reporter-output>
            <line>
              <![CDATA[Title validation Successful]]>
            </line>
            <line>
              <![CDATA[LogOut Successful]]>
            </line>
          </reporter-output>
        </test-method> <!-- logOut -->
        <test-method is-config="true" signature="closeBrowser()[pri:0, instance:Kairos.Hunters.TestCases.TestScenario4@757d6814]" started-at="2023-06-14T15:57:56 IST" name="closeBrowser" finished-at="2023-06-14T15:57:57 IST" duration-ms="475" status="PASS">
          <reporter-output>
          </reporter-output>
        </test-method> <!-- closeBrowser -->
      </class> <!-- Kairos.Hunters.TestCases.TestScenario4 -->
    </test> <!-- Test -->
  </suite> <!-- Suite -->
</testng-results>
